<?xml version="1.0" encoding="UTF-8"?>
<testng-results skipped="1" failed="1" ignored="0" total="2" passed="0">
  <reporter-output>
    <line>
      <![CDATA[Inside Before Suite method.]]>
    </line>
    <line>
      <![CDATA[IOException in accessing KillDriver.bat file:java.io.IOException: Cannot run program "D:\Selenium\Workspace\Assignment02\KillDriver.bat": CreateProcess error=2, The system cannot find the file specified]]>
    </line>
    <line>
      <![CDATA[On StartFlightBooking_Firefox]]>
    </line>
    <line>
      <![CDATA[Inside Before Method method.]]>
    </line>
    <line>
      <![CDATA[On StartFlightBooking_Chrome]]>
    </line>
    <line>
      <![CDATA[Inside Before Method method.]]>
    </line>
    <line>
      <![CDATA[Launching Firefox browser.]]>
    </line>
    <line>
      <![CDATA[Launching Chrome browser.]]>
    </line>
    <line>
      <![CDATA[Test SkippedflightBooking]]>
    </line>
    <line>
      <![CDATA[On FinishFlightBooking_Firefox]]>
    </line>
    <line>
      <![CDATA[Chrome browser launched.]]>
    </line>
    <line>
      <![CDATA[Test StartflightBooking]]>
    </line>
    <line>
      <![CDATA[Launching application under test.]]>
    </line>
    <line>
      <![CDATA[Launched application under test.]]>
    </line>
    <line>
      <![CDATA[Clicking on One Way link.]]>
    </line>
    <line>
      <![CDATA[Clicked on One Way link.]]>
    </line>
    <line>
      <![CDATA[Expected value:Delhi is present in the dropdown list.]]>
    </line>
    <line>
      <![CDATA[Stale Element exception:org.openqa.selenium.StaleElementReferenceException: stale element reference: element is not attached to the page document
  (Session info: chrome=64.0.3282.167)
  (Driver info: chromedriver=2.33.506120 (e3e53437346286c0bc2d2dc9aa4915ba81d9023f),platform=Windows NT 6.1.7601 SP1 x86) (WARNING: The server did not provide any stacktrace information)
Command duration or timeout: 0 milliseconds
For documentation on this error, please visit: http://seleniumhq.org/exceptions/stale_element_reference.html
Build info: version: '3.9.1', revision: '63f7b50', time: '2018-02-07T22:25:02.294Z'
System info: host: 'JARVIS-PC', ip: '192.168.1.6', os.name: 'Windows 7', os.arch: 'x86', os.version: '6.1', java.version: '1.8.0_141'
Driver info: org.openqa.selenium.chrome.ChromeDriver
Capabilities {acceptSslCerts: true, applicationCacheEnabled: false, browserConnectionEnabled: false, browserName: chrome, chrome: {chromedriverVersion: 2.33.506120 (e3e53437346286..., userDataDir: C:\Users\Jarvis\AppData\Loc...}, cssSelectorsEnabled: true, databaseEnabled: false, handlesAlerts: true, hasTouchScreen: false, javascriptEnabled: true, locationContextEnabled: true, mobileEmulationEnabled: false, nativeEvents: true, networkConnectionEnabled: false, pageLoadStrategy: normal, platform: XP, platformName: XP, rotatable: false, setWindowRect: true, takesHeapSnapshot: true, takesScreenshot: true, unexpectedAlertBehaviour: , unhandledPromptBehavior: , version: 64.0.3282.167, webStorageEnabled: true}
Session ID: 1999eb0f0d79b43d77761799086205a1]]>
    </line>
    <line>
      <![CDATA[Test FailureflightBooking]]>
    </line>
    <line>
      <![CDATA[Inside After Method method.]]>
    </line>
  </reporter-output>
  <suite name="kayak" duration-ms="61127" started-at="2018-02-15T15:01:33Z" finished-at="2018-02-15T15:02:34Z">
    <groups>
    </groups>
    <test name="FlightBooking_Firefox" duration-ms="249" started-at="2018-02-15T15:01:33Z" finished-at="2018-02-15T15:01:33Z">
      <class name="co.in.kayak.test.FlightBooking">
        <test-method status="PASS" signature="beforeSuite()[pri:0, instance:co.in.kayak.test.FlightBooking@9ba398]" name="beforeSuite" is-config="true" duration-ms="19" started-at="2018-02-15T15:01:33Z" finished-at="2018-02-15T15:01:33Z">
          <reporter-output>
            <line>
              <![CDATA[Inside Before Suite method.]]>
            </line>
            <line>
              <![CDATA[IOException in accessing KillDriver.bat file:java.io.IOException: Cannot run program "D:\Selenium\Workspace\Assignment02\KillDriver.bat": CreateProcess error=2, The system cannot find the file specified]]>
            </line>
          </reporter-output>
        </test-method> <!-- beforeSuite -->
        <test-method status="FAIL" signature="beforeMethod(java.lang.String)[pri:0, instance:co.in.kayak.test.FlightBooking@9ba398]" name="beforeMethod" is-config="true" duration-ms="192" started-at="2018-02-15T15:01:33Z" finished-at="2018-02-15T15:01:33Z">
          <params>
            <param index="0">
              <value>
                <![CDATA[Firefox]]>
              </value>
            </param>
          </params>
          <exception class="java.lang.IllegalStateException">
            <message>
              <![CDATA[The driver executable does not exist: E:\SeleniumWorkspace\FlightReservation\.\browserDriver\geckodriver.exe]]>
            </message>
            <full-stacktrace>
              <![CDATA[java.lang.IllegalStateException: The driver executable does not exist: E:\SeleniumWorkspace\FlightReservation\.\browserDriver\geckodriver.exe
at com.google.common.base.Preconditions.checkState(Preconditions.java:585)
at org.openqa.selenium.remote.service.DriverService.checkExecutable(DriverService.java:136)
at org.openqa.selenium.remote.service.DriverService.findExecutable(DriverService.java:131)
at org.openqa.selenium.firefox.GeckoDriverService.access$100(GeckoDriverService.java:41)
at org.openqa.selenium.firefox.GeckoDriverService$Builder.findDefaultExecutable(GeckoDriverService.java:141)
at org.openqa.selenium.remote.service.DriverService$Builder.build(DriverService.java:339)
at org.openqa.selenium.firefox.FirefoxDriver.toExecutor(FirefoxDriver.java:158)
at org.openqa.selenium.firefox.FirefoxDriver.<init>(FirefoxDriver.java:120)
at org.openqa.selenium.firefox.FirefoxDriver.<init>(FirefoxDriver.java:98)
at co.in.kayak.base.PageTest.initFirefox(PageTest.java:87)
at co.in.kayak.base.PageTest.beforeMethod(PageTest.java:36)
at sun.reflect.NativeMethodAccessorImpl.invoke0(Native Method)
at sun.reflect.NativeMethodAccessorImpl.invoke(Unknown Source)
at sun.reflect.DelegatingMethodAccessorImpl.invoke(Unknown Source)
at java.lang.reflect.Method.invoke(Unknown Source)
at org.testng.internal.MethodInvocationHelper.invokeMethod(MethodInvocationHelper.java:124)
at org.testng.internal.MethodInvocationHelper.invokeMethodConsideringTimeout(MethodInvocationHelper.java:59)
at org.testng.internal.Invoker.invokeConfigurationMethod(Invoker.java:455)
at org.testng.internal.Invoker.invokeConfigurations(Invoker.java:222)
at org.testng.internal.Invoker.invokeMethod(Invoker.java:520)
at org.testng.internal.Invoker.invokeTestMethod(Invoker.java:716)
at org.testng.internal.Invoker.invokeTestMethods(Invoker.java:988)
at org.testng.internal.TestMethodWorker.invokeTestMethods(TestMethodWorker.java:125)
at org.testng.internal.TestMethodWorker.run(TestMethodWorker.java:109)
at org.testng.TestRunner.privateRun(TestRunner.java:648)
at org.testng.TestRunner.run(TestRunner.java:505)
at org.testng.SuiteRunner.runTest(SuiteRunner.java:455)
at org.testng.SuiteRunner.access$000(SuiteRunner.java:40)
at org.testng.SuiteRunner$SuiteWorker.run(SuiteRunner.java:489)
at org.testng.internal.thread.ThreadUtil$1.call(ThreadUtil.java:52)
at java.util.concurrent.FutureTask.run(Unknown Source)
at java.util.concurrent.ThreadPoolExecutor.runWorker(Unknown Source)
at java.util.concurrent.ThreadPoolExecutor$Worker.run(Unknown Source)
at java.lang.Thread.run(Unknown Source)
]]>
            </full-stacktrace>
          </exception> <!-- java.lang.IllegalStateException -->
          <reporter-output>
            <line>
              <![CDATA[Inside Before Method method.]]>
            </line>
            <line>
              <![CDATA[Launching Firefox browser.]]>
            </line>
          </reporter-output>
        </test-method> <!-- beforeMethod -->
        <test-method status="SKIP" signature="beforeMethod()[pri:0, instance:co.in.kayak.test.FlightBooking@9ba398]" name="beforeMethod" is-config="true" duration-ms="0" started-at="2018-02-15T15:01:33Z" finished-at="2018-02-15T15:01:33Z">
          <reporter-output>
          </reporter-output>
        </test-method> <!-- beforeMethod -->
        <test-method status="SKIP" signature="flightBooking()[pri:0, instance:co.in.kayak.test.FlightBooking@9ba398]" name="flightBooking" duration-ms="0" started-at="2018-02-15T15:01:33Z" finished-at="2018-02-15T15:01:33Z">
          <exception class="java.lang.IllegalStateException">
            <message>
              <![CDATA[The driver executable does not exist: E:\SeleniumWorkspace\FlightReservation\.\browserDriver\geckodriver.exe]]>
            </message>
            <full-stacktrace>
              <![CDATA[java.lang.IllegalStateException: The driver executable does not exist: E:\SeleniumWorkspace\FlightReservation\.\browserDriver\geckodriver.exe
at com.google.common.base.Preconditions.checkState(Preconditions.java:585)
at org.openqa.selenium.remote.service.DriverService.checkExecutable(DriverService.java:136)
at org.openqa.selenium.remote.service.DriverService.findExecutable(DriverService.java:131)
at org.openqa.selenium.firefox.GeckoDriverService.access$100(GeckoDriverService.java:41)
at org.openqa.selenium.firefox.GeckoDriverService$Builder.findDefaultExecutable(GeckoDriverService.java:141)
at org.openqa.selenium.remote.service.DriverService$Builder.build(DriverService.java:339)
at org.openqa.selenium.firefox.FirefoxDriver.toExecutor(FirefoxDriver.java:158)
at org.openqa.selenium.firefox.FirefoxDriver.<init>(FirefoxDriver.java:120)
at org.openqa.selenium.firefox.FirefoxDriver.<init>(FirefoxDriver.java:98)
at co.in.kayak.base.PageTest.initFirefox(PageTest.java:87)
at co.in.kayak.base.PageTest.beforeMethod(PageTest.java:36)
at sun.reflect.NativeMethodAccessorImpl.invoke0(Native Method)
at sun.reflect.NativeMethodAccessorImpl.invoke(Unknown Source)
at sun.reflect.DelegatingMethodAccessorImpl.invoke(Unknown Source)
at java.lang.reflect.Method.invoke(Unknown Source)
at org.testng.internal.MethodInvocationHelper.invokeMethod(MethodInvocationHelper.java:124)
at org.testng.internal.MethodInvocationHelper.invokeMethodConsideringTimeout(MethodInvocationHelper.java:59)
at org.testng.internal.Invoker.invokeConfigurationMethod(Invoker.java:455)
at org.testng.internal.Invoker.invokeConfigurations(Invoker.java:222)
at org.testng.internal.Invoker.invokeMethod(Invoker.java:520)
at org.testng.internal.Invoker.invokeTestMethod(Invoker.java:716)
at org.testng.internal.Invoker.invokeTestMethods(Invoker.java:988)
at org.testng.internal.TestMethodWorker.invokeTestMethods(TestMethodWorker.java:125)
at org.testng.internal.TestMethodWorker.run(TestMethodWorker.java:109)
at org.testng.TestRunner.privateRun(TestRunner.java:648)
at org.testng.TestRunner.run(TestRunner.java:505)
at org.testng.SuiteRunner.runTest(SuiteRunner.java:455)
at org.testng.SuiteRunner.access$000(SuiteRunner.java:40)
at org.testng.SuiteRunner$SuiteWorker.run(SuiteRunner.java:489)
at org.testng.internal.thread.ThreadUtil$1.call(ThreadUtil.java:52)
at java.util.concurrent.FutureTask.run(Unknown Source)
at java.util.concurrent.ThreadPoolExecutor.runWorker(Unknown Source)
at java.util.concurrent.ThreadPoolExecutor$Worker.run(Unknown Source)
at java.lang.Thread.run(Unknown Source)
]]>
            </full-stacktrace>
          </exception> <!-- java.lang.IllegalStateException -->
          <reporter-output>
            <line>
              <![CDATA[Test SkippedflightBooking]]>
            </line>
            <line>
              <![CDATA[On FinishFlightBooking_Firefox]]>
            </line>
          </reporter-output>
        </test-method> <!-- flightBooking -->
        <test-method status="SKIP" signature="afterMethod()[pri:0, instance:co.in.kayak.test.FlightBooking@9ba398]" name="afterMethod" is-config="true" duration-ms="0" started-at="2018-02-15T15:01:33Z" finished-at="2018-02-15T15:01:33Z">
          <reporter-output>
          </reporter-output>
        </test-method> <!-- afterMethod -->
        <test-method status="SKIP" signature="afterSuite()[pri:0, instance:co.in.kayak.test.FlightBooking@9ba398]" name="afterSuite" is-config="true" duration-ms="0" started-at="2018-02-15T15:02:34Z" finished-at="2018-02-15T15:02:34Z">
          <reporter-output>
          </reporter-output>
        </test-method> <!-- afterSuite -->
      </class> <!-- co.in.kayak.test.FlightBooking -->
    </test> <!-- FlightBooking_Firefox -->
    <test name="FlightBooking_Chrome" duration-ms="61127" started-at="2018-02-15T15:01:33Z" finished-at="2018-02-15T15:02:34Z">
      <class name="co.in.kayak.test.FlightBooking">
        <test-method status="PASS" signature="beforeMethod(java.lang.String)[pri:0, instance:co.in.kayak.test.FlightBooking@49fd9b]" name="beforeMethod" is-config="true" duration-ms="7504" started-at="2018-02-15T15:01:33Z" finished-at="2018-02-15T15:01:41Z">
          <params>
            <param index="0">
              <value>
                <![CDATA[Chrome]]>
              </value>
            </param>
          </params>
          <reporter-output>
            <line>
              <![CDATA[Inside Before Method method.]]>
            </line>
            <line>
              <![CDATA[Launching Chrome browser.]]>
            </line>
            <line>
              <![CDATA[Chrome browser launched.]]>
            </line>
          </reporter-output>
        </test-method> <!-- beforeMethod -->
        <test-method status="PASS" signature="beforeMethod()[pri:0, instance:co.in.kayak.test.FlightBooking@49fd9b]" name="beforeMethod" is-config="true" duration-ms="36" started-at="2018-02-15T15:01:41Z" finished-at="2018-02-15T15:01:41Z">
          <reporter-output>
          </reporter-output>
        </test-method> <!-- beforeMethod -->
        <test-method status="FAIL" signature="flightBooking()[pri:0, instance:co.in.kayak.test.FlightBooking@49fd9b]" name="flightBooking" duration-ms="53537" started-at="2018-02-15T15:01:41Z" finished-at="2018-02-15T15:02:34Z">
          <exception class="junit.framework.AssertionFailedError">
            <message>
              <![CDATA[Stale Element exception:stale element reference: element is not attached to the page document
  (Session info: chrome=64.0.3282.167)
  (Driver info: chromedriver=2.33.506120 (e3e53437346286c0bc2d2dc9aa4915ba81d9023f),platform=Windows NT 6.1.7601 SP1 x86) (WARNING: The server did not provide any stacktrace information)
Command duration or timeout: 0 milliseconds
For documentation on this error, please visit: http://seleniumhq.org/exceptions/stale_element_reference.html
Build info: version: '3.9.1', revision: '63f7b50', time: '2018-02-07T22:25:02.294Z'
System info: host: 'JARVIS-PC', ip: '192.168.1.6', os.name: 'Windows 7', os.arch: 'x86', os.version: '6.1', java.version: '1.8.0_141'
Driver info: org.openqa.selenium.chrome.ChromeDriver
Capabilities {acceptSslCerts: true, applicationCacheEnabled: false, browserConnectionEnabled: false, browserName: chrome, chrome: {chromedriverVersion: 2.33.506120 (e3e53437346286..., userDataDir: C:\Users\Jarvis\AppData\Loc...}, cssSelectorsEnabled: true, databaseEnabled: false, handlesAlerts: true, hasTouchScreen: false, javascriptEnabled: true, locationContextEnabled: true, mobileEmulationEnabled: false, nativeEvents: true, networkConnectionEnabled: false, pageLoadStrategy: normal, platform: XP, platformName: XP, rotatable: false, setWindowRect: true, takesHeapSnapshot: true, takesScreenshot: true, unexpectedAlertBehaviour: , unhandledPromptBehavior: , version: 64.0.3282.167, webStorageEnabled: true}
Session ID: 1999eb0f0d79b43d77761799086205a1]]>
            </message>
            <full-stacktrace>
              <![CDATA[junit.framework.AssertionFailedError: Stale Element exception:stale element reference: element is not attached to the page document
  (Session info: chrome=64.0.3282.167)
  (Driver info: chromedriver=2.33.506120 (e3e53437346286c0bc2d2dc9aa4915ba81d9023f),platform=Windows NT 6.1.7601 SP1 x86) (WARNING: The server did not provide any stacktrace information)
Command duration or timeout: 0 milliseconds
For documentation on this error, please visit: http://seleniumhq.org/exceptions/stale_element_reference.html
Build info: version: '3.9.1', revision: '63f7b50', time: '2018-02-07T22:25:02.294Z'
System info: host: 'JARVIS-PC', ip: '192.168.1.6', os.name: 'Windows 7', os.arch: 'x86', os.version: '6.1', java.version: '1.8.0_141'
Driver info: org.openqa.selenium.chrome.ChromeDriver
Capabilities {acceptSslCerts: true, applicationCacheEnabled: false, browserConnectionEnabled: false, browserName: chrome, chrome: {chromedriverVersion: 2.33.506120 (e3e53437346286..., userDataDir: C:\Users\Jarvis\AppData\Loc...}, cssSelectorsEnabled: true, databaseEnabled: false, handlesAlerts: true, hasTouchScreen: false, javascriptEnabled: true, locationContextEnabled: true, mobileEmulationEnabled: false, nativeEvents: true, networkConnectionEnabled: false, pageLoadStrategy: normal, platform: XP, platformName: XP, rotatable: false, setWindowRect: true, takesHeapSnapshot: true, takesScreenshot: true, unexpectedAlertBehaviour: , unhandledPromptBehavior: , version: 64.0.3282.167, webStorageEnabled: true}
Session ID: 1999eb0f0d79b43d77761799086205a1
at junit.framework.Assert.fail(Assert.java:47)
at co.in.kayak.base.PageObject.elementToBeClickable(PageObject.java:79)
at co.in.kayak.base.PageObject.selectValueFromDropdown(PageObject.java:122)
at co.in.kayak.page.Flights.selectDestination(Flights.java:79)
at co.in.kayak.test.FlightBooking.flightBooking(FlightBooking.java:30)
at sun.reflect.NativeMethodAccessorImpl.invoke0(Native Method)
at sun.reflect.NativeMethodAccessorImpl.invoke(Unknown Source)
at sun.reflect.DelegatingMethodAccessorImpl.invoke(Unknown Source)
at java.lang.reflect.Method.invoke(Unknown Source)
at org.testng.internal.MethodInvocationHelper.invokeMethod(MethodInvocationHelper.java:124)
at org.testng.internal.Invoker.invokeMethod(Invoker.java:580)
at org.testng.internal.Invoker.invokeTestMethod(Invoker.java:716)
at org.testng.internal.Invoker.invokeTestMethods(Invoker.java:988)
at org.testng.internal.TestMethodWorker.invokeTestMethods(TestMethodWorker.java:125)
at org.testng.internal.TestMethodWorker.run(TestMethodWorker.java:109)
at org.testng.TestRunner.privateRun(TestRunner.java:648)
at org.testng.TestRunner.run(TestRunner.java:505)
at org.testng.SuiteRunner.runTest(SuiteRunner.java:455)
at org.testng.SuiteRunner.access$000(SuiteRunner.java:40)
at org.testng.SuiteRunner$SuiteWorker.run(SuiteRunner.java:489)
at org.testng.internal.thread.ThreadUtil$1.call(ThreadUtil.java:52)
at java.util.concurrent.FutureTask.run(Unknown Source)
at java.util.concurrent.ThreadPoolExecutor.runWorker(Unknown Source)
at java.util.concurrent.ThreadPoolExecutor$Worker.run(Unknown Source)
at java.lang.Thread.run(Unknown Source)
]]>
            </full-stacktrace>
          </exception> <!-- junit.framework.AssertionFailedError -->
          <reporter-output>
            <line>
              <![CDATA[Test StartflightBooking]]>
            </line>
            <line>
              <![CDATA[Launching application under test.]]>
            </line>
            <line>
              <![CDATA[Launched application under test.]]>
            </line>
            <line>
              <![CDATA[Clicking on One Way link.]]>
            </line>
            <line>
              <![CDATA[Clicked on One Way link.]]>
            </line>
            <line>
              <![CDATA[Expected value:Delhi is present in the dropdown list.]]>
            </line>
            <line>
              <![CDATA[Stale Element exception:org.openqa.selenium.StaleElementReferenceException: stale element reference: element is not attached to the page document
  (Session info: chrome=64.0.3282.167)
  (Driver info: chromedriver=2.33.506120 (e3e53437346286c0bc2d2dc9aa4915ba81d9023f),platform=Windows NT 6.1.7601 SP1 x86) (WARNING: The server did not provide any stacktrace information)
Command duration or timeout: 0 milliseconds
For documentation on this error, please visit: http://seleniumhq.org/exceptions/stale_element_reference.html
Build info: version: '3.9.1', revision: '63f7b50', time: '2018-02-07T22:25:02.294Z'
System info: host: 'JARVIS-PC', ip: '192.168.1.6', os.name: 'Windows 7', os.arch: 'x86', os.version: '6.1', java.version: '1.8.0_141'
Driver info: org.openqa.selenium.chrome.ChromeDriver
Capabilities {acceptSslCerts: true, applicationCacheEnabled: false, browserConnectionEnabled: false, browserName: chrome, chrome: {chromedriverVersion: 2.33.506120 (e3e53437346286..., userDataDir: C:\Users\Jarvis\AppData\Loc...}, cssSelectorsEnabled: true, databaseEnabled: false, handlesAlerts: true, hasTouchScreen: false, javascriptEnabled: true, locationContextEnabled: true, mobileEmulationEnabled: false, nativeEvents: true, networkConnectionEnabled: false, pageLoadStrategy: normal, platform: XP, platformName: XP, rotatable: false, setWindowRect: true, takesHeapSnapshot: true, takesScreenshot: true, unexpectedAlertBehaviour: , unhandledPromptBehavior: , version: 64.0.3282.167, webStorageEnabled: true}
Session ID: 1999eb0f0d79b43d77761799086205a1]]>
            </line>
            <line>
              <![CDATA[Test FailureflightBooking]]>
            </line>
          </reporter-output>
        </test-method> <!-- flightBooking -->
        <test-method status="PASS" signature="afterMethod()[pri:0, instance:co.in.kayak.test.FlightBooking@49fd9b]" name="afterMethod" is-config="true" duration-ms="0" started-at="2018-02-15T15:02:34Z" finished-at="2018-02-15T15:02:34Z">
          <reporter-output>
            <line>
              <![CDATA[Inside After Method method.]]>
            </line>
          </reporter-output>
        </test-method> <!-- afterMethod -->
      </class> <!-- co.in.kayak.test.FlightBooking -->
    </test> <!-- FlightBooking_Chrome -->
  </suite> <!-- kayak -->
</testng-results>
